project/android_test/springshare/atezhare/app/build/intermediates/manifest_merge_blame_file/debug/manifest-merger-blame-debug-report.txt
1<?xml version="1.0" encoding="utf-8"?>
2<!--
3    AndroidManifest.xml
4    Declares all activities, permissions, and app metadata for Atezhare.
5    Permissions: INTERNET (Retrofit calls), CAMERA (QR scanning in SendFragment),
6    READ_EXTERNAL_STORAGE / READ_MEDIA_* (file picking in DirectoryFragment)
7-->
8<manifest xmlns:android="http://schemas.android.com/apk/res/android"
9    package="com.atezhare"
10    android:versionCode="1"
11    android:versionName="1.0" >
12
13    <uses-sdk
14        android:minSdkVersion="24"
15        android:targetSdkVersion="34" />
16
17    <!-- Network permission — required for all Retrofit calls in network/ApiService -->
18    <uses-permission android:name="android.permission.INTERNET" />
18-->src\main\AndroidManifest.xml:11:5-67
18-->src\main\AndroidManifest.xml:11:22-64
19
20    <!-- Camera permission — required for QR scanning in ui/send/SendFragment -->
21    <uses-permission android:name="android.permission.CAMERA" />
21-->src\main\AndroidManifest.xml:14:5-65
21-->src\main\AndroidManifest.xml:14:22-62
22
23    <uses-feature
23-->src\main\AndroidManifest.xml:15:5-85
24        android:name="android.hardware.camera"
24-->src\main\AndroidManifest.xml:15:19-57
25        android:required="false" />
25-->src\main\AndroidManifest.xml:15:58-82
26
27    <!-- Storage permissions — required for file picking in ui/directory/DirectoryFragment -->
28    <uses-permission
28-->src\main\AndroidManifest.xml:18:5-19:38
29        android:name="android.permission.READ_EXTERNAL_STORAGE"
29-->src\main\AndroidManifest.xml:18:22-77
30        android:maxSdkVersion="32" />
30-->src\main\AndroidManifest.xml:19:9-35
31    <uses-permission android:name="android.permission.READ_MEDIA_IMAGES" />
31-->src\main\AndroidManifest.xml:20:5-76
31-->src\main\AndroidManifest.xml:20:22-73
32    <uses-permission android:name="android.permission.READ_MEDIA_VIDEO" />
32-->src\main\AndroidManifest.xml:21:5-75
32-->src\main\AndroidManifest.xml:21:22-72
33    <uses-permission android:name="android.permission.READ_MEDIA_AUDIO" />
33-->src\main\AndroidManifest.xml:22:5-75
33-->src\main\AndroidManifest.xml:22:22-72
34
35    <permission
35-->[androidx.core:core:1.12.0] AndroidManifest.xml:22:5-24:47
36        android:name="com.atezhare.DYNAMIC_RECEIVER_NOT_EXPORTED_PERMISSION"
36-->[androidx.core:core:1.12.0] AndroidManifest.xml:23:9-81
37        android:protectionLevel="signature" />
37-->[androidx.core:core:1.12.0] AndroidManifest.xml:24:9-44
38
39    <uses-permission android:name="com.atezhare.DYNAMIC_RECEIVER_NOT_EXPORTED_PERMISSION" />
39-->[androidx.core:core:1.12.0] AndroidManifest.xml:26:5-97
39-->[androidx.core:core:1.12.0] AndroidManifest.xml:26:22-94
40
41    <uses-feature
41-->[com.journeyapps:zxing-android-embedded:4.3.0] AndroidManifest.xml:28:5-30:36
42        android:name="android.hardware.camera.front"
42-->[com.journeyapps:zxing-android-embedded:4.3.0] AndroidManifest.xml:29:9-53
43        android:required="false" /> <!-- TODO replace above two with next line after Android 4.2 -->
43-->[com.journeyapps:zxing-android-embedded:4.3.0] AndroidManifest.xml:30:9-33
44    <!-- <uses-feature android:name="android.hardware.camera.any"/> -->
45    <uses-feature
45-->[com.journeyapps:zxing-android-embedded:4.3.0] AndroidManifest.xml:33:5-35:36
46        android:name="android.hardware.camera.autofocus"
46-->[com.journeyapps:zxing-android-embedded:4.3.0] AndroidManifest.xml:34:9-57
47        android:required="false" />
47-->[com.journeyapps:zxing-android-embedded:4.3.0] AndroidManifest.xml:35:9-33
48    <uses-feature
48-->[com.journeyapps:zxing-android-embedded:4.3.0] AndroidManifest.xml:36:5-38:36
49        android:name="android.hardware.camera.flash"
49-->[com.journeyapps:zxing-android-embedded:4.3.0] AndroidManifest.xml:37:9-53
50        android:required="false" />
50-->[com.journeyapps:zxing-android-embedded:4.3.0] AndroidManifest.xml:38:9-33
51    <uses-feature
51-->[com.journeyapps:zxing-android-embedded:4.3.0] AndroidManifest.xml:39:5-41:36
52        android:name="android.hardware.screen.landscape"
52-->[com.journeyapps:zxing-android-embedded:4.3.0] AndroidManifest.xml:40:9-57
53        android:required="false" />
53-->[com.journeyapps:zxing-android-embedded:4.3.0] AndroidManifest.xml:41:9-33
54    <uses-feature
54-->[com.journeyapps:zxing-android-embedded:4.3.0] AndroidManifest.xml:42:5-44:36
55        android:name="android.hardware.wifi"
55-->[com.journeyapps:zxing-android-embedded:4.3.0] AndroidManifest.xml:43:9-45
56        android:required="false" />
56-->[com.journeyapps:zxing-android-embedded:4.3.0] AndroidManifest.xml:44:9-33
57
58    <application
58-->src\main\AndroidManifest.xml:24:5-60:19
59        android:allowBackup="true"
59-->src\main\AndroidManifest.xml:25:9-35
60        android:appComponentFactory="androidx.core.app.CoreComponentFactory"
60-->[androidx.core:core:1.12.0] AndroidManifest.xml:28:18-86
61        android:debuggable="true"
62        android:extractNativeLibs="false"
63        android:icon="@mipmap/ic_launcher"
63-->src\main\AndroidManifest.xml:26:9-43
64        android:label="@string/app_name"
64-->src\main\AndroidManifest.xml:28:9-41
65        android:roundIcon="@mipmap/ic_launcher_round"
65-->src\main\AndroidManifest.xml:27:9-54
66        android:supportsRtl="true"
66-->src\main\AndroidManifest.xml:29:9-35
67        android:testOnly="true"
68        android:theme="@style/Theme.Atezhare"
68-->src\main\AndroidManifest.xml:30:9-46
69        android:usesCleartextTraffic="true" >
69-->src\main\AndroidManifest.xml:31:9-44
70
71        <!-- SplashActivity — entry point, checks session via utils/SessionManager -->
72        <activity
72-->src\main\AndroidManifest.xml:34:9-42:20
73            android:name="com.atezhare.ui.auth.SplashActivity"
73-->src\main\AndroidManifest.xml:35:13-51
74            android:exported="true"
74-->src\main\AndroidManifest.xml:36:13-36
75            android:theme="@style/Theme.Atezhare.Splash" >
75-->src\main\AndroidManifest.xml:37:13-57
76            <intent-filter>
76-->src\main\AndroidManifest.xml:38:13-41:29
77                <action android:name="android.intent.action.MAIN" />
77-->src\main\AndroidManifest.xml:39:17-69
77-->src\main\AndroidManifest.xml:39:25-66
78
79                <category android:name="android.intent.category.LAUNCHER" />
79-->src\main\AndroidManifest.xml:40:17-77
79-->src\main\AndroidManifest.xml:40:27-74
80            </intent-filter>
81        </activity>
82
83        <!-- LoginActivity — shown if user is not logged in -->
84        <activity
84-->src\main\AndroidManifest.xml:45:9-47:40
85            android:name="com.atezhare.ui.auth.LoginActivity"
85-->src\main\AndroidManifest.xml:46:13-50
86            android:exported="false" />
86-->src\main\AndroidManifest.xml:47:13-37
87
88        <!-- MainActivity — hosts NavController, BottomNav, Toolbar, DrawerLayout -->
89        <activity
89-->src\main\AndroidManifest.xml:50:9-52:40
90            android:name="com.atezhare.ui.home.MainActivity"
90-->src\main\AndroidManifest.xml:51:13-49
91            android:exported="false" />
91-->src\main\AndroidManifest.xml:52:13-37
92
93        <!-- SendActivity — standalone QR scanner screen (no toolbar/bottom nav) -->
94        <activity
94-->src\main\AndroidManifest.xml:55:9-58:65
95            android:name="com.atezhare.ui.send.SendActivity"
95-->src\main\AndroidManifest.xml:56:13-49
96            android:exported="false"
96-->src\main\AndroidManifest.xml:57:13-37
97            android:theme="@style/Theme.Atezhare.NoActionBar" />
97-->src\main\AndroidManifest.xml:58:13-62
98
99        <service
99-->[androidx.camera:camera-camera2:1.3.1] AndroidManifest.xml:24:9-33:19
100            android:name="androidx.camera.core.impl.MetadataHolderService"
100-->[androidx.camera:camera-camera2:1.3.1] AndroidManifest.xml:25:13-75
101            android:enabled="false"
101-->[androidx.camera:camera-camera2:1.3.1] AndroidManifest.xml:26:13-36
102            android:exported="false" >
102-->[androidx.camera:camera-camera2:1.3.1] AndroidManifest.xml:27:13-37
103            <meta-data
103-->[androidx.camera:camera-camera2:1.3.1] AndroidManifest.xml:30:13-32:89
104                android:name="androidx.camera.core.impl.MetadataHolderService.DEFAULT_CONFIG_PROVIDER"
104-->[androidx.camera:camera-camera2:1.3.1] AndroidManifest.xml:31:17-103
105                android:value="androidx.camera.camera2.Camera2Config$DefaultProvider" />
105-->[androidx.camera:camera-camera2:1.3.1] AndroidManifest.xml:32:17-86
106        </service>
107
108        <provider
108-->[androidx.emoji2:emoji2:1.2.0] AndroidManifest.xml:24:9-32:20
109            android:name="androidx.startup.InitializationProvider"
109-->[androidx.emoji2:emoji2:1.2.0] AndroidManifest.xml:25:13-67
110            android:authorities="com.atezhare.androidx-startup"
110-->[androidx.emoji2:emoji2:1.2.0] AndroidManifest.xml:26:13-68
111            android:exported="false" >
111-->[androidx.emoji2:emoji2:1.2.0] AndroidManifest.xml:27:13-37
112            <meta-data
112-->[androidx.emoji2:emoji2:1.2.0] AndroidManifest.xml:29:13-31:52
113                android:name="androidx.emoji2.text.EmojiCompatInitializer"
113-->[androidx.emoji2:emoji2:1.2.0] AndroidManifest.xml:30:17-75
114                android:value="androidx.startup" />
114-->[androidx.emoji2:emoji2:1.2.0] AndroidManifest.xml:31:17-49
115            <meta-data
115-->[androidx.lifecycle:lifecycle-process:2.7.0] AndroidManifest.xml:29:13-31:52
116                android:name="androidx.lifecycle.ProcessLifecycleInitializer"
116-->[androidx.lifecycle:lifecycle-process:2.7.0] AndroidManifest.xml:30:17-78
117                android:value="androidx.startup" />
117-->[androidx.lifecycle:lifecycle-process:2.7.0] AndroidManifest.xml:31:17-49
118            <meta-data
118-->[androidx.profileinstaller:profileinstaller:1.3.0] AndroidManifest.xml:29:13-31:52
119                android:name="androidx.profileinstaller.ProfileInstallerInitializer"
119-->[androidx.profileinstaller:profileinstaller:1.3.0] AndroidManifest.xml:30:17-85
120                android:value="androidx.startup" />
120-->[androidx.profileinstaller:profileinstaller:1.3.0] AndroidManifest.xml:31:17-49
121        </provider>
122
123        <uses-library
123-->[androidx.window:window:1.0.0] AndroidManifest.xml:25:9-27:40
124            android:name="androidx.window.extensions"
124-->[androidx.window:window:1.0.0] AndroidManifest.xml:26:13-54
125            android:required="false" />
125-->[androidx.window:window:1.0.0] AndroidManifest.xml:27:13-37
126        <uses-library
126-->[androidx.window:window:1.0.0] AndroidManifest.xml:28:9-30:40
127            android:name="androidx.window.sidecar"
127-->[androidx.window:window:1.0.0] AndroidManifest.xml:29:13-51
128            android:required="false" />
128-->[androidx.window:window:1.0.0] AndroidManifest.xml:30:13-37
129
130        <activity
130-->[com.journeyapps:zxing-android-embedded:4.3.0] AndroidManifest.xml:47:9-53:63
131            android:name="com.journeyapps.barcodescanner.CaptureActivity"
131-->[com.journeyapps:zxing-android-embedded:4.3.0] AndroidManifest.xml:48:13-74
132            android:clearTaskOnLaunch="true"
132-->[com.journeyapps:zxing-android-embedded:4.3.0] AndroidManifest.xml:49:13-45
133            android:screenOrientation="sensorLandscape"
133-->[com.journeyapps:zxing-android-embedded:4.3.0] AndroidManifest.xml:50:13-56
134            android:stateNotNeeded="true"
134-->[com.journeyapps:zxing-android-embedded:4.3.0] AndroidManifest.xml:51:13-42
135            android:theme="@style/zxing_CaptureTheme"
135-->[com.journeyapps:zxing-android-embedded:4.3.0] AndroidManifest.xml:52:13-54
136            android:windowSoftInputMode="stateAlwaysHidden" />
136-->[com.journeyapps:zxing-android-embedded:4.3.0] AndroidManifest.xml:53:13-60
137
138        <receiver
138-->[androidx.profileinstaller:profileinstaller:1.3.0] AndroidManifest.xml:34:9-52:20
139            android:name="androidx.profileinstaller.ProfileInstallReceiver"
139-->[androidx.profileinstaller:profileinstaller:1.3.0] AndroidManifest.xml:35:13-76
140            android:directBootAware="false"
140-->[androidx.profileinstaller:profileinstaller:1.3.0] AndroidManifest.xml:36:13-44
141            android:enabled="true"
141-->[androidx.profileinstaller:profileinstaller:1.3.0] AndroidManifest.xml:37:13-35
142            android:exported="true"
142-->[androidx.profileinstaller:profileinstaller:1.3.0] AndroidManifest.xml:38:13-36
143            android:permission="android.permission.DUMP" >
143-->[androidx.profileinstaller:profileinstaller:1.3.0] AndroidManifest.xml:39:13-57
144            <intent-filter>
144-->[androidx.profileinstaller:profileinstaller:1.3.0] AndroidManifest.xml:40:13-42:29
145                <action android:name="androidx.profileinstaller.action.INSTALL_PROFILE" />
145-->[androidx.profileinstaller:profileinstaller:1.3.0] AndroidManifest.xml:41:17-91
145-->[androidx.profileinstaller:profileinstaller:1.3.0] AndroidManifest.xml:41:25-88
146            </intent-filter>
147            <intent-filter>
147-->[androidx.profileinstaller:profileinstaller:1.3.0] AndroidManifest.xml:43:13-45:29
148                <action android:name="androidx.profileinstaller.action.SKIP_FILE" />
148-->[androidx.profileinstaller:profileinstaller:1.3.0] AndroidManifest.xml:44:17-85
148-->[androidx.profileinstaller:profileinstaller:1.3.0] AndroidManifest.xml:44:25-82
149            </intent-filter>
150            <intent-filter>
150-->[androidx.profileinstaller:profileinstaller:1.3.0] AndroidManifest.xml:46:13-48:29
151                <action android:name="androidx.profileinstaller.action.SAVE_PROFILE" />
151-->[androidx.profileinstaller:profileinstaller:1.3.0] AndroidManifest.xml:47:17-88
151-->[androidx.profileinstaller:profileinstaller:1.3.0] AndroidManifest.xml:47:25-85
152            </intent-filter>
153            <intent-filter>
153-->[androidx.profileinstaller:profileinstaller:1.3.0] AndroidManifest.xml:49:13-51:29
154                <action android:name="androidx.profileinstaller.action.BENCHMARK_OPERATION" />
154-->[androidx.profileinstaller:profileinstaller:1.3.0] AndroidManifest.xml:50:17-95
154-->[androidx.profileinstaller:profileinstaller:1.3.0] AndroidManifest.xml:50:25-92
155            </intent-filter>
156        </receiver>
157    </application>
158
159</manifest>